  stdafx.cpp
  Camera.cpp
  Mesh.cpp
  Model3D.cpp
E:\GPS\project\OpenGL_4_Application_VS2015\OpenGL_4_Application_VS2015\Camera.cpp(109,26): warning C4305: 'initializing': truncation from 'double' to 'float'
E:\GPS\project\OpenGL_4_Application_VS2015\OpenGL_4_Application_VS2015\Model3D.cpp(32,21): warning C4018: '<': signed/unsigned mismatch
E:\GPS\project\OpenGL_4_Application_VS2015\OpenGL_4_Application_VS2015\Model3D.cpp(73,26): warning C4018: '<': signed/unsigned mismatch
  OpenGL_4_Application_VS2015.cpp
E:\GPS\project\OpenGL_4_Application_VS2015\OpenGL_4_Application_VS2015\Model3D.cpp(170,22): warning C4018: '<': signed/unsigned mismatch
E:\GPS\project\OpenGL_4_Application_VS2015\OpenGL_4_Application_VS2015\OpenGL_4_Application_VS2015.cpp(96,25): warning C4305: 'initializing': truncation from 'double' to 'float'
E:\GPS\project\OpenGL_4_Application_VS2015\OpenGL_4_Application_VS2015\OpenGL_4_Application_VS2015.cpp(107,24): warning C4305: 'initializing': truncation from 'double' to 'float'
E:\GPS\project\OpenGL_4_Application_VS2015\OpenGL_4_Application_VS2015\OpenGL_4_Application_VS2015.cpp(114,25): warning C4305: 'initializing': truncation from 'double' to 'float'
E:\GPS\project\OpenGL_4_Application_VS2015\OpenGL_4_Application_VS2015\OpenGL_4_Application_VS2015.cpp(181,31): warning C4244: 'argument': conversion from 'double' to 'float', possible loss of data
E:\GPS\project\OpenGL_4_Application_VS2015\OpenGL_4_Application_VS2015\OpenGL_4_Application_VS2015.cpp(181,26): warning C4244: 'argument': conversion from 'double' to 'float', possible loss of data
E:\GPS\project\OpenGL_4_Application_VS2015\OpenGL_4_Application_VS2015\OpenGL_4_Application_VS2015.cpp(469,14): warning C4305: '=': truncation from 'double' to 'float'
E:\GPS\project\OpenGL_4_Application_VS2015\OpenGL_4_Application_VS2015\OpenGL_4_Application_VS2015.cpp(493,39): warning C4305: 'argument': truncation from 'double' to 'float'
E:\GPS\project\OpenGL_4_Application_VS2015\OpenGL_4_Application_VS2015\OpenGL_4_Application_VS2015.cpp(497,42): warning C4305: 'argument': truncation from 'double' to 'float'
E:\GPS\project\OpenGL_4_Application_VS2015\OpenGL_4_Application_VS2015\OpenGL_4_Application_VS2015.cpp(506,42): warning C4305: 'argument': truncation from 'double' to 'float'
  Shader.cpp
E:\GPS\project\OpenGL_4_Application_VS2015\OpenGL_4_Application_VS2015\OpenGL_4_Application_VS2015.cpp(770,14): warning C4305: '=': truncation from 'double' to 'float'
  stb_image.c
LINK : warning LNK4098: defaultlib 'LIBCMT' conflicts with use of other libs; use /NODEFAULTLIB:library
  Generating code
  Previous IPDB not found, fall back to full compilation.
  All 1676 functions were compiled because no usable IPDB/IOBJ from previous compilation was found.
  Finished generating code
LINK : warning LNK4286: symbol '___glewGenBuffers' defined in 'glew32s.lib(glew.obj)' is imported by 'Mesh.obj'
LINK : warning LNK4286: symbol '___glewGenVertexArrays' defined in 'glew32s.lib(glew.obj)' is imported by 'Mesh.obj'
LINK : warning LNK4286: symbol '___glewActiveTexture' defined in 'glew32s.lib(glew.obj)' is imported by 'Mesh.obj'
LINK : warning LNK4286: symbol '___glewBufferData' defined in 'glew32s.lib(glew.obj)' is imported by 'Mesh.obj'
LINK : warning LNK4286: symbol '___glewGetUniformLocation' defined in 'glew32s.lib(glew.obj)' is imported by 'Mesh.obj'
LINK : warning LNK4286: symbol '___glewUniform1i' defined in 'glew32s.lib(glew.obj)' is imported by 'Mesh.obj'
LINK : warning LNK4286: symbol '___glewBindBuffer' defined in 'glew32s.lib(glew.obj)' is imported by 'Mesh.obj'
LINK : warning LNK4286: symbol '___glewVertexAttribPointer' defined in 'glew32s.lib(glew.obj)' is imported by 'Mesh.obj'
LINK : warning LNK4286: symbol '___glewBindVertexArray' defined in 'glew32s.lib(glew.obj)' is imported by 'Mesh.obj'
LINK : warning LNK4286: symbol '___glewEnableVertexAttribArray' defined in 'glew32s.lib(glew.obj)' is imported by 'Mesh.obj'
LINK : warning LNK4286: symbol '___glewGenerateMipmap' defined in 'glew32s.lib(glew.obj)' is imported by 'Model3D.obj'
LINK : warning LNK4286: symbol '___glewLinkProgram' defined in 'glew32s.lib(glew.obj)' is imported by 'Shader.obj'
LINK : warning LNK4286: symbol '___glewDeleteShader' defined in 'glew32s.lib(glew.obj)' is imported by 'Shader.obj'
LINK : warning LNK4286: symbol '___glewGetProgramInfoLog' defined in 'glew32s.lib(glew.obj)' is imported by 'Shader.obj'
LINK : warning LNK4286: symbol '___glewShaderSource' defined in 'glew32s.lib(glew.obj)' is imported by 'Shader.obj'
LINK : warning LNK4286: symbol '___glewAttachShader' defined in 'glew32s.lib(glew.obj)' is imported by 'Shader.obj'
LINK : warning LNK4286: symbol '___glewGetProgramiv' defined in 'glew32s.lib(glew.obj)' is imported by 'Shader.obj'
LINK : warning LNK4286: symbol '___glewGetShaderInfoLog' defined in 'glew32s.lib(glew.obj)' is imported by 'Shader.obj'
LINK : warning LNK4286: symbol '___glewCreateProgram' defined in 'glew32s.lib(glew.obj)' is imported by 'Shader.obj'
LINK : warning LNK4286: symbol '___glewCreateShader' defined in 'glew32s.lib(glew.obj)' is imported by 'Shader.obj'
LINK : warning LNK4286: symbol '___glewCompileShader' defined in 'glew32s.lib(glew.obj)' is imported by 'Shader.obj'
LINK : warning LNK4286: symbol '___glewGetShaderiv' defined in 'glew32s.lib(glew.obj)' is imported by 'Shader.obj'
LINK : warning LNK4286: symbol '___glewUseProgram' defined in 'glew32s.lib(glew.obj)' is imported by 'Shader.obj'
glew32s.lib(glew.obj) : warning LNK4099: PDB 'vc120.pdb' was not found with 'glew32s.lib(glew.obj)' or at 'E:\GPS\project\OpenGL_4_Application_VS2015\Release\vc120.pdb'; linking object as if no debug info
  OpenGL_4_Application_VS2015.vcxproj -> E:\GPS\project\OpenGL_4_Application_VS2015\Release\OpenGL_4_Application_VS2015.exe
